f:\qt\project\untitled1\x64\debug\main.obj
f:\qt\project\untitled1\x64\debug\moc_mainwindow.obj
f:\qt\project\untitled1\x64\debug\mainwindow.obj
f:\qt\project\untitled1\x64\debug\vc140.pdb
f:\qt\project\untitled1\debug\moc_predefs.h
f:\qt\project\untitled1\debug\untitled1.ilk
f:\qt\project\untitled1\debug\untitled1.exe
f:\qt\project\untitled1\debug\untitled1.pdb
f:\qt\project\untitled1\.\generatedfiles\debug\moc_mainwindow.cpp
f:\qt\project\untitled1\.\generatedfiles\ui_mainwindow.h
f:\qt\project\untitled1\generatedfiles\debug\moc_mainwindow.cpp
f:\qt\project\untitled1\generatedfiles\ui_mainwindow.h
f:\qt\project\untitled1\x64\debug\untitled1.tlog\cl.command.1.tlog
f:\qt\project\untitled1\x64\debug\untitled1.tlog\cl.read.1.tlog
f:\qt\project\untitled1\x64\debug\untitled1.tlog\cl.write.1.tlog
f:\qt\project\untitled1\x64\debug\untitled1.tlog\custombuild.command.1.tlog
f:\qt\project\untitled1\x64\debug\untitled1.tlog\custombuild.read.1.tlog
f:\qt\project\untitled1\x64\debug\untitled1.tlog\custombuild.write.1.tlog
f:\qt\project\untitled1\x64\debug\untitled1.tlog\link.command.1.tlog
f:\qt\project\untitled1\x64\debug\untitled1.tlog\link.read.1.tlog
f:\qt\project\untitled1\x64\debug\untitled1.tlog\link.write.1.tlog
f:\qt\project\untitled1\x64\debug\untitled1.tlog\qtmoc.read.1u.tlog
f:\qt\project\untitled1\x64\debug\untitled1.tlog\qtmoc.write.1u.tlog
f:\qt\project\untitled1\x64\debug\untitled1.tlog\qtuic.read.1u.tlog
f:\qt\project\untitled1\x64\debug\untitled1.tlog\qtuic.write.1u.tlog
f:\qt\project\untitled1\x64\debug\untitled1.tlog\untitled1.write.1u.tlog
